[2022-05-02T11:38:04.821] [DEBUG] cheese - login => username:zas,password:12345
[2022-05-02T11:38:04.826] [DEBUG] cheese - zas
[2022-05-02T11:38:04.836] [DEBUG] cheese - null
[2022-05-02T11:38:04.837] [DEBUG] cheese - null
[2022-05-02T11:38:15.337] [DEBUG] cheese - login => username:admin,password:123456
[2022-05-02T11:38:15.337] [DEBUG] cheese - admin
[2022-05-02T11:38:15.343] [DEBUG] cheese - null
[2022-05-02T11:38:15.343] [DEBUG] cheese - null
[2022-05-02T16:37:05.008] [DEBUG] cheese - login => username:zaszx,password:1231234e
[2022-05-02T16:37:05.009] [DEBUG] cheese - zaszx
[2022-05-02T16:37:05.020] [DEBUG] cheese - null
[2022-05-02T16:37:05.020] [DEBUG] cheese - null
[2022-05-02T16:39:34.701] [DEBUG] cheese - login => username:zs12q3w,password:12312qaszx
[2022-05-02T16:39:34.701] [DEBUG] cheese - zs12q3w
[2022-05-02T16:39:34.706] [DEBUG] cheese - null
[2022-05-02T16:39:34.706] [DEBUG] cheese - null
[2022-05-02T16:39:44.873] [DEBUG] cheese - login => username:admin,password:123456
[2022-05-02T16:39:44.873] [DEBUG] cheese - admin
[2022-05-02T16:39:44.877] [DEBUG] cheese - null
[2022-05-02T16:39:44.877] [DEBUG] cheese - null
[2022-05-02T16:39:45.335] [DEBUG] cheese - login => username:admin,password:123456
[2022-05-02T16:39:45.335] [DEBUG] cheese - admin
[2022-05-02T16:39:45.337] [DEBUG] cheese - null
[2022-05-02T16:39:45.337] [DEBUG] cheese - null
[2022-05-02T16:44:46.614] [DEBUG] cheese - login => username:admin,password:123456
[2022-05-02T16:44:46.614] [DEBUG] cheese - admin
[2022-05-02T16:44:46.619] [DEBUG] cheese - null
[2022-05-02T16:44:46.619] [DEBUG] cheese - null
[2022-05-02T16:47:40.053] [DEBUG] cheese - login => username:admin,password:123456
[2022-05-02T16:47:40.053] [DEBUG] cheese - admin
[2022-05-02T16:47:40.057] [DEBUG] cheese - null
[2022-05-02T16:47:40.057] [DEBUG] cheese - null
[2022-05-02T16:48:49.362] [DEBUG] cheese - login => username:admin,password:123456
[2022-05-02T16:48:49.362] [DEBUG] cheese - admin
[2022-05-02T16:48:49.364] [DEBUG] cheese - null
[2022-05-02T16:48:49.364] [DEBUG] cheese - null
[2022-05-02T16:49:15.619] [DEBUG] cheese - login => username:admin,password:123456
[2022-05-02T16:49:15.620] [DEBUG] cheese - admin
[2022-05-02T16:49:15.621] [DEBUG] cheese - null
[2022-05-02T16:49:15.621] [DEBUG] cheese - null
[2022-05-02T20:15:22.642] [DEBUG] cheese - login => username:admin,password:123456
[2022-05-02T20:15:22.643] [DEBUG] cheese - admin
[2022-05-02T20:15:22.658] [DEBUG] cheese - null
[2022-05-02T20:15:22.658] [DEBUG] cheese - null
[2022-05-02T20:16:12.488] [DEBUG] cheese - login => username:admin,password:123456
[2022-05-02T20:16:12.489] [DEBUG] cheese - admin
[2022-05-02T20:16:12.491] [DEBUG] cheese - null
[2022-05-02T20:16:12.491] [DEBUG] cheese - null
[2022-05-02T20:22:48.953] [DEBUG] cheese - login => username:admin,password:123456
[2022-05-02T20:22:48.954] [DEBUG] cheese - admin
[2022-05-02T20:22:48.960] [DEBUG] cheese - null
[2022-05-02T20:22:48.960] [DEBUG] cheese - null
[2022-05-02T21:10:32.211] [DEBUG] cheese - login => username:admin,password:123456
[2022-05-02T21:10:32.211] [DEBUG] cheese - admin
[2022-05-02T21:10:32.216] [DEBUG] cheese - null
[2022-05-02T21:10:32.217] [DEBUG] cheese - null
[2022-05-02T21:10:56.388] [DEBUG] cheese - login => username:admin,password:123456
[2022-05-02T21:10:56.388] [DEBUG] cheese - admin
[2022-05-02T21:10:56.390] [DEBUG] cheese - null
[2022-05-02T21:10:56.390] [DEBUG] cheese - null
[2022-05-02T21:16:31.078] [DEBUG] cheese - login => username:admin,password:123456
[2022-05-02T21:16:31.078] [DEBUG] cheese - admin
[2022-05-02T21:16:31.083] [DEBUG] cheese - null
[2022-05-02T21:16:31.083] [DEBUG] cheese - null
[2022-05-03T13:15:08.282] [DEBUG] cheese - login => username:admin,password:123456
[2022-05-03T13:15:08.284] [DEBUG] cheese - admin
[2022-05-03T13:15:08.310] [DEBUG] cheese - null
[2022-05-03T13:15:08.311] [DEBUG] cheese - null
[2022-05-03T14:23:10.290] [DEBUG] cheese - login => username:admin,password:123456
[2022-05-03T14:23:10.290] [DEBUG] cheese - admin
[2022-05-03T14:23:10.299] [DEBUG] cheese - null
[2022-05-03T14:23:10.299] [DEBUG] cheese - null
[2022-05-03T15:54:04.709] [DEBUG] cheese - login => username:admin,password:123456
[2022-05-03T15:54:04.710] [DEBUG] cheese - admin
[2022-05-03T15:54:04.715] [DEBUG] cheese - null
[2022-05-03T15:54:04.716] [DEBUG] cheese - null
[2022-05-03T21:17:23.629] [DEBUG] cheese - login => username:admin,password:123456
[2022-05-03T21:17:23.629] [DEBUG] cheese - admin
[2022-05-03T21:17:23.631] [DEBUG] cheese - null
[2022-05-03T21:17:23.631] [DEBUG] cheese - null
[2022-05-04T11:05:14.036] [DEBUG] cheese - login => username:admin,password:123456
[2022-05-04T11:05:14.037] [DEBUG] cheese - admin
[2022-05-04T11:05:14.054] [DEBUG] cheese - null
[2022-05-04T11:05:14.054] [DEBUG] cheese - null
[2022-05-04T13:40:25.027] [DEBUG] cheese - login => username:admin,password:123456
[2022-05-04T13:40:25.029] [DEBUG] cheese - admin
[2022-05-04T13:40:25.055] [DEBUG] cheese - null
[2022-05-04T13:40:25.055] [DEBUG] cheese - null
[2022-05-05T19:11:25.125] [DEBUG] cheese - login => username:admin,password:123456
[2022-05-05T19:11:25.127] [DEBUG] cheese - admin
[2022-05-05T19:11:25.152] [DEBUG] cheese - null
[2022-05-05T19:11:25.153] [DEBUG] cheese - null
[2022-05-05T19:13:40.467] [DEBUG] cheese - login => username:admin,password:123456
[2022-05-05T19:13:40.468] [DEBUG] cheese - admin
[2022-05-05T19:13:40.479] [DEBUG] cheese - null
[2022-05-05T19:13:40.479] [DEBUG] cheese - null
[2022-05-05T19:14:50.483] [DEBUG] cheese - login => username:admin,password:123456
[2022-05-05T19:14:50.483] [DEBUG] cheese - admin
[2022-05-05T19:14:50.487] [DEBUG] cheese - null
[2022-05-05T19:14:50.487] [DEBUG] cheese - null
[2022-05-05T19:42:26.230] [DEBUG] cheese - login => username:admin,password:123456
[2022-05-05T19:42:26.230] [DEBUG] cheese - admin
[2022-05-05T19:42:26.243] [DEBUG] cheese - null
[2022-05-05T19:42:26.244] [DEBUG] cheese - null
[2022-05-07T21:40:04.710] [DEBUG] cheese - login => username:admin,password:123456
[2022-05-07T21:40:04.711] [DEBUG] cheese - admin
[2022-05-07T21:40:04.730] [DEBUG] cheese - null
[2022-05-07T21:40:04.731] [DEBUG] cheese - null
[2022-05-08T15:37:18.963] [DEBUG] cheese - login => username:admin,password:123456
[2022-05-08T15:37:18.965] [DEBUG] cheese - admin
[2022-05-08T15:37:18.989] [DEBUG] cheese - null
[2022-05-08T15:37:18.990] [DEBUG] cheese - null
[2022-05-08T15:52:01.118] [DEBUG] cheese - null
[2022-05-08T15:52:06.802] [DEBUG] cheese - null
[2022-05-08T15:54:20.204] [DEBUG] cheese - null
[2022-05-08T15:54:24.616] [DEBUG] cheese - null
[2022-05-10T20:47:47.416] [DEBUG] cheese - login => username:admin,password:123456
[2022-05-10T20:47:47.417] [DEBUG] cheese - admin
[2022-05-10T20:47:47.443] [DEBUG] cheese - null
[2022-05-10T20:47:47.444] [DEBUG] cheese - null
[2022-05-10T21:15:53.380] [DEBUG] cheese - login => username:admin,password:123456
[2022-05-10T21:15:53.382] [DEBUG] cheese - admin
[2022-05-10T21:15:53.397] [DEBUG] cheese - null
[2022-05-10T21:15:53.398] [DEBUG] cheese - null
[2022-05-12T19:31:32.998] [DEBUG] cheese - login => username:admin,password:123456
[2022-05-12T19:31:32.999] [DEBUG] cheese - admin
[2022-05-12T19:31:33.014] [DEBUG] cheese - null
[2022-05-12T19:31:33.014] [DEBUG] cheese - null
[2022-05-13T19:29:19.263] [DEBUG] cheese - login => username:admin,password:123456
[2022-05-13T19:29:19.265] [DEBUG] cheese - admin
[2022-05-13T19:29:19.301] [DEBUG] cheese - null
[2022-05-13T19:29:19.302] [DEBUG] cheese - null
[2022-05-14T20:38:03.731] [DEBUG] cheese - login => username:admin,password:123456
[2022-05-14T20:38:03.733] [DEBUG] cheese - admin
[2022-05-14T20:38:03.770] [DEBUG] cheese - null
[2022-05-14T20:38:03.771] [DEBUG] cheese - null
[2022-05-15T09:51:33.938] [DEBUG] cheese - login => username:admin,password:123456
[2022-05-15T09:51:33.939] [DEBUG] cheese - admin
[2022-05-15T09:51:33.961] [DEBUG] cheese - null
[2022-05-15T09:51:33.961] [DEBUG] cheese - null
[2022-05-15T17:01:07.265] [DEBUG] cheese - login => username:admin,password:123456
[2022-05-15T17:01:07.266] [DEBUG] cheese - admin
[2022-05-15T17:01:07.277] [DEBUG] cheese - null
[2022-05-15T17:01:07.277] [DEBUG] cheese - null
[2022-05-15T18:05:52.555] [DEBUG] cheese - login => username:admin,password:123456
[2022-05-15T18:05:52.556] [DEBUG] cheese - admin
[2022-05-15T18:05:52.562] [DEBUG] cheese - null
[2022-05-15T18:05:52.563] [DEBUG] cheese - null
[2022-05-15T18:07:38.590] [DEBUG] cheese - login => username:admin,password:123456
[2022-05-15T18:07:38.590] [DEBUG] cheese - admin
[2022-05-15T18:07:38.591] [DEBUG] cheese - null
[2022-05-15T18:07:38.592] [DEBUG] cheese - null
[2022-05-16T18:49:24.928] [DEBUG] cheese - login => username:admin,password:123456
[2022-05-16T18:49:24.930] [DEBUG] cheese - admin
[2022-05-16T18:49:24.953] [DEBUG] cheese - null
[2022-05-16T18:49:24.954] [DEBUG] cheese - null
[2022-05-16T20:03:19.425] [DEBUG] cheese - login => username:admin,password:123456
[2022-05-16T20:03:19.426] [DEBUG] cheese - admin
[2022-05-16T20:03:19.431] [DEBUG] cheese - null
[2022-05-16T20:03:19.431] [DEBUG] cheese - null
[2022-05-18T16:44:47.358] [DEBUG] cheese - login => username:admin,password:123456
[2022-05-18T16:44:47.359] [DEBUG] cheese - admin
[2022-05-18T16:44:47.373] [DEBUG] cheese - null
[2022-05-18T16:44:47.373] [DEBUG] cheese - null
[2022-05-18T20:10:55.404] [DEBUG] cheese - null
[2022-05-18T20:12:02.499] [DEBUG] cheese - null
[2022-05-18T22:24:56.212] [DEBUG] cheese - login => username:admin,password:123456
[2022-05-18T22:24:56.213] [DEBUG] cheese - admin
[2022-05-18T22:24:56.223] [DEBUG] cheese - null
[2022-05-18T22:24:56.224] [DEBUG] cheese - null
[2022-05-19T16:33:18.064] [DEBUG] cheese - login => username:admin,password:123456
[2022-05-19T16:33:18.066] [DEBUG] cheese - admin
[2022-05-19T16:33:18.091] [DEBUG] cheese - null
[2022-05-19T16:33:18.092] [DEBUG] cheese - null
[2022-05-19T16:46:47.483] [DEBUG] cheese - login => username:admin,password:123456
[2022-05-19T16:46:47.484] [DEBUG] cheese - admin
[2022-05-19T16:46:47.504] [DEBUG] cheese - null
[2022-05-19T16:46:47.504] [DEBUG] cheese - null
[2022-05-19T19:46:08.133] [DEBUG] cheese - login => username:admin,password:123456
[2022-05-19T19:46:08.134] [DEBUG] cheese - admin
[2022-05-19T19:46:08.173] [DEBUG] cheese - null
[2022-05-19T19:46:08.174] [DEBUG] cheese - null
[2022-05-20T11:51:40.742] [DEBUG] cheese - login => username:admin,password:123456
[2022-05-20T11:51:40.744] [DEBUG] cheese - admin
[2022-05-20T11:51:40.767] [DEBUG] cheese - null
[2022-05-20T11:51:40.768] [DEBUG] cheese - null
[2022-05-20T14:05:47.047] [DEBUG] cheese - login => username:admin,password:123456
[2022-05-20T14:05:47.048] [DEBUG] cheese - admin
[2022-05-20T14:05:47.055] [DEBUG] cheese - null
[2022-05-20T14:05:47.055] [DEBUG] cheese - null
[2022-05-20T14:34:55.033] [DEBUG] cheese - login => username:admin,password:123456
[2022-05-20T14:34:55.035] [DEBUG] cheese - admin
[2022-05-20T14:34:55.045] [DEBUG] cheese - null
[2022-05-20T14:34:55.046] [DEBUG] cheese - null
[2022-05-20T14:52:02.660] [DEBUG] cheese - login => username:admin,password:123456
[2022-05-20T14:52:02.660] [DEBUG] cheese - admin
[2022-05-20T14:52:02.667] [DEBUG] cheese - null
[2022-05-20T14:52:02.667] [DEBUG] cheese - null
[2022-05-20T18:24:39.913] [DEBUG] cheese - login => username:admin,password:123456
[2022-05-20T18:24:39.914] [DEBUG] cheese - admin
[2022-05-20T18:24:39.944] [DEBUG] cheese - null
[2022-05-20T18:24:39.944] [DEBUG] cheese - null
[2022-05-20T18:41:45.629] [DEBUG] cheese - login => username:admin,password:123456
[2022-05-20T18:41:45.630] [DEBUG] cheese - admin
[2022-05-20T18:41:45.636] [DEBUG] cheese - null
[2022-05-20T18:41:45.636] [DEBUG] cheese - null
[2022-05-20T19:03:49.603] [DEBUG] cheese - login => username:admin,password:123456
[2022-05-20T19:03:49.603] [DEBUG] cheese - admin
[2022-05-20T19:03:49.609] [DEBUG] cheese - null
[2022-05-20T19:03:49.609] [DEBUG] cheese - null
[2022-05-20T19:18:59.883] [DEBUG] cheese - login => username:admin,password:123456
[2022-05-20T19:18:59.883] [DEBUG] cheese - admin
[2022-05-20T19:18:59.888] [DEBUG] cheese - null
[2022-05-20T19:18:59.888] [DEBUG] cheese - null
[2022-05-20T21:29:17.202] [DEBUG] cheese - login => username:admin,password:123456
[2022-05-20T21:29:17.202] [DEBUG] cheese - admin
[2022-05-20T21:29:17.212] [DEBUG] cheese - null
[2022-05-20T21:29:17.212] [DEBUG] cheese - null
[2022-05-20T21:42:10.602] [DEBUG] cheese - login => username:admin,password:123456
[2022-05-20T21:42:10.602] [DEBUG] cheese - admin
[2022-05-20T21:42:10.607] [DEBUG] cheese - null
[2022-05-20T21:42:10.607] [DEBUG] cheese - null
[2022-05-20T21:59:08.043] [DEBUG] cheese - login => username:admin,password:123456
[2022-05-20T21:59:08.043] [DEBUG] cheese - admin
[2022-05-20T21:59:08.048] [DEBUG] cheese - null
[2022-05-20T21:59:08.048] [DEBUG] cheese - null
[2022-05-20T22:06:39.741] [DEBUG] cheese - login => username:admin,password:123456
[2022-05-20T22:06:39.741] [DEBUG] cheese - admin
[2022-05-20T22:06:39.743] [DEBUG] cheese - null
[2022-05-20T22:06:39.744] [DEBUG] cheese - null
